<?xml version="1.0" encoding="UTF-8"?>
<testng-results ignored="0" total="1" passed="1" failed="0" skipped="0">
  <reporter-output>
  </reporter-output>
  <suite started-at="2024-09-07T21:25:40 IST" name="Surefire suite" finished-at="2024-09-07T21:25:45 IST" duration-ms="5093">
    <groups>
    </groups>
    <test started-at="2024-09-07T21:25:40 IST" name="Surefire test" finished-at="2024-09-07T21:25:45 IST" duration-ms="5093">
      <class name="demo.test.LoginTest">
        <test-method is-config="true" signature="intializeDriver()[pri:0, instance:demo.test.LoginTest@6b54655f]" started-at="2024-09-07T21:25:40 IST" name="intializeDriver" finished-at="2024-09-07T21:25:43 IST" duration-ms="3473" status="PASS">
          <reporter-output>
          </reporter-output>
        </test-method> <!-- intializeDriver -->
        <test-method is-config="true" signature="setup()[pri:0, instance:demo.test.LoginTest@6b54655f]" started-at="2024-09-07T21:25:43 IST" name="setup" finished-at="2024-09-07T21:25:43 IST" duration-ms="77" status="PASS">
          <reporter-output>
          </reporter-output>
        </test-method> <!-- setup -->
        <test-method signature="loginTest()[pri:0, instance:demo.test.LoginTest@6b54655f]" started-at="2024-09-07T21:25:43 IST" name="loginTest" finished-at="2024-09-07T21:25:44 IST" duration-ms="1044" status="PASS">
          <reporter-output>
          </reporter-output>
        </test-method> <!-- loginTest -->
        <test-method is-config="true" signature="tearDown()[pri:0, instance:demo.test.LoginTest@6b54655f]" started-at="2024-09-07T21:25:44 IST" name="tearDown" finished-at="2024-09-07T21:25:45 IST" duration-ms="427" status="PASS">
          <reporter-output>
          </reporter-output>
        </test-method> <!-- tearDown -->
      </class> <!-- demo.test.LoginTest -->
    </test> <!-- Surefire test -->
  </suite> <!-- Surefire suite -->
</testng-results>
