<?xml version="1.0" encoding="UTF-8"?>
<testsuite xmlns:xsi="http://www.w3.org/2001/XMLSchema-instance" xsi:noNamespaceSchemaLocation="https://maven.apache.org/surefire/maven-surefire-plugin/xsd/surefire-test-report-3.0.xsd" version="3.0" name="demo.test.LoginTest" time="7.159" tests="1" errors="0" skipped="0" failures="0">
  <properties>
[...]
</properties>
  <testcase name="loginTest" classname="demo.test.LoginTest" time="1.047">
    <system-out><![CDATA[***************************************************************Test Case Passed Successfully *********************************************************************
]]></system-out>
  </testcase>
</testsuite>