<?xml version="1.0" encoding="UTF-8"?>
<testng-results ignored="0" total="1" passed="1" failed="0" skipped="0">
  <reporter-output>
  </reporter-output>
  <suite started-at="2024-09-03T14:12:53 IST" name="Default suite" finished-at="2024-09-03T14:13:00 IST" duration-ms="6880">
    <groups>
    </groups>
    <test started-at="2024-09-03T14:12:53 IST" name="Default test" finished-at="2024-09-03T14:13:00 IST" duration-ms="6880">
      <class name="demo.test.LoginTest">
        <test-method is-config="true" signature="setup()[pri:0, instance:demo.test.LoginTest@47d9a273]" started-at="2024-09-03T14:12:53 IST" name="setup" finished-at="2024-09-03T14:12:58 IST" duration-ms="4989" status="PASS">
          <reporter-output>
          </reporter-output>
        </test-method> <!-- setup -->
        <test-method signature="loginTest()[pri:0, instance:demo.test.LoginTest@47d9a273]" started-at="2024-09-03T14:12:58 IST" name="loginTest" finished-at="2024-09-03T14:12:59 IST" duration-ms="1075" status="PASS">
          <reporter-output>
          </reporter-output>
        </test-method> <!-- loginTest -->
        <test-method is-config="true" signature="tearDown()[pri:0, instance:demo.test.LoginTest@47d9a273]" started-at="2024-09-03T14:12:59 IST" name="tearDown" finished-at="2024-09-03T14:13:00 IST" duration-ms="731" status="PASS">
          <reporter-output>
          </reporter-output>
        </test-method> <!-- tearDown -->
      </class> <!-- demo.test.LoginTest -->
    </test> <!-- Default test -->
  </suite> <!-- Default suite -->
</testng-results>
