<?xml version="1.0" encoding="UTF-8"?>
<testng-results ignored="0" total="1" passed="1" failed="0" skipped="0">
  <reporter-output>
  </reporter-output>
  <suite started-at="2024-09-07T21:24:14 IST" name="DemoTest" finished-at="2024-09-07T21:24:18 IST" duration-ms="3876">
    <groups>
    </groups>
    <test started-at="2024-09-07T21:24:14 IST" name="Default test(failed)" finished-at="2024-09-07T21:24:18 IST" duration-ms="3876">
      <class name="demo.test.LoginTest">
        <test-method is-config="true" signature="intializeDriver()[pri:0, instance:demo.test.LoginTest@6d1d4d7]" started-at="2024-09-07T21:24:14 IST" name="intializeDriver" finished-at="2024-09-07T21:24:17 IST" duration-ms="2712" status="PASS">
          <reporter-output>
          </reporter-output>
        </test-method> <!-- intializeDriver -->
        <test-method is-config="true" signature="setup()[pri:0, instance:demo.test.LoginTest@6d1d4d7]" started-at="2024-09-07T21:24:17 IST" name="setup" finished-at="2024-09-07T21:24:17 IST" duration-ms="68" status="PASS">
          <reporter-output>
          </reporter-output>
        </test-method> <!-- setup -->
        <test-method signature="loginTest()[pri:0, instance:demo.test.LoginTest@6d1d4d7]" started-at="2024-09-07T21:24:17 IST" name="loginTest" finished-at="2024-09-07T21:24:18 IST" duration-ms="682" status="PASS">
          <reporter-output>
          </reporter-output>
        </test-method> <!-- loginTest -->
        <test-method is-config="true" signature="tearDown()[pri:0, instance:demo.test.LoginTest@6d1d4d7]" started-at="2024-09-07T21:24:18 IST" name="tearDown" finished-at="2024-09-07T21:24:18 IST" duration-ms="363" status="PASS">
          <reporter-output>
          </reporter-output>
        </test-method> <!-- tearDown -->
      </class> <!-- demo.test.LoginTest -->
    </test> <!-- Default test(failed) -->
  </suite> <!-- DemoTest -->
</testng-results>
